#
# There is insufficient memory for the Java Runtime Environment to continue.
# Native memory allocation (mmap) failed to map 97517568 bytes for committing reserved memory.
# Possible reasons:
#   The system is out of physical RAM or swap space
#   In 32 bit mode, the process size limit was hit
# Possible solutions:
#   Reduce memory load on the system
#   Increase physical memory or swap space
#   Check if swap backing store is full
#   Use 64 bit Java on a 64 bit OS
#   Decrease Java heap size (-Xmx/-Xms)
#   Decrease number of Java threads
#   Decrease Java thread stack sizes (-Xss)
#   Set larger code cache with -XX:ReservedCodeCacheSize=
# This output file may be truncated or incomplete.
#
#  Out of Memory Error (os_linux.cpp:2630), pid=12808, tid=140498409834240
#
# JRE version: OpenJDK Runtime Environment (8.0_91-b14) (build 1.8.0_91-8u91-b14-0ubuntu4~16.04.1-b14)
# Java VM: OpenJDK 64-Bit Server VM (25.91-b14 mixed mode linux-amd64 compressed oops)
# Failed to write core dump. Core dumps have been disabled. To enable core dumping, try "ulimit -c unlimited" before starting Java again
#

---------------  T H R E A D  ---------------

Current thread (0x00007fc868077800):  VMThread [stack: 0x00007fc855bf4000,0x00007fc855cf5000] [id=12818]

Stack: [0x00007fc855bf4000,0x00007fc855cf5000],  sp=0x00007fc855cf34c0,  free space=1021k
Native frames: (J=compiled Java code, j=interpreted, Vv=VM code, C=native code)
V  [libjvm.so+0xa5d53b]
V  [libjvm.so+0x4c172c]
V  [libjvm.so+0x8ae1e0]
V  [libjvm.so+0x8a865e]
V  [libjvm.so+0x922756]
V  [libjvm.so+0x923a83]
V  [libjvm.so+0x920133]
V  [libjvm.so+0x9203fc]
V  [libjvm.so+0x8d2a73]
V  [libjvm.so+0xa5f1f2]
V  [libjvm.so+0xa64277]
V  [libjvm.so+0xa61a47]
V  [libjvm.so+0xa62ecf]
V  [libjvm.so+0xa633c1]
V  [libjvm.so+0x8ab6c2]

VM_Operation (0x00007fc8547dcf40): ParallelGCFailedAllocation, mode: safepoint, requested by thread 0x00007fc868187800


---------------  P R O C E S S  ---------------

Java Threads: ( => current thread )
  0x00007fc86818b000 JavaThread "pool-2-thread-4" [_thread_blocked, id=12878, stack(0x00007fc8544dc000,0x00007fc8545dd000)]
  0x00007fc868189000 JavaThread "pool-2-thread-3" [_thread_blocked, id=12877, stack(0x00007fc8545dd000,0x00007fc8546de000)]
  0x00007fc868187800 JavaThread "pool-2-thread-2" [_thread_blocked, id=12876, stack(0x00007fc8546de000,0x00007fc8547df000)]
  0x00007fc868184800 JavaThread "pool-3-thread-1" [_thread_blocked, id=12875, stack(0x00007fc8547df000,0x00007fc8548e0000)]
  0x00007fc868182800 JavaThread "pool-2-thread-1" [_thread_blocked, id=12874, stack(0x00007fc8548e0000,0x00007fc8549e1000)]
  0x00007fc8680b9800 JavaThread "Service Thread" daemon [_thread_blocked, id=12853, stack(0x00007fc854b2e000,0x00007fc854c2f000)]
  0x00007fc8680b2000 JavaThread "C1 CompilerThread2" daemon [_thread_blocked, id=12847, stack(0x00007fc854c2f000,0x00007fc854d30000)]
  0x00007fc8680b0000 JavaThread "C2 CompilerThread1" daemon [_thread_blocked, id=12846, stack(0x00007fc854d30000,0x00007fc854e31000)]
  0x00007fc8680ad800 JavaThread "C2 CompilerThread0" daemon [_thread_blocked, id=12845, stack(0x00007fc854e31000,0x00007fc854f32000)]
  0x00007fc8680ab000 JavaThread "Signal Dispatcher" daemon [_thread_blocked, id=12841, stack(0x00007fc854f32000,0x00007fc855033000)]
  0x00007fc868084000 JavaThread "Finalizer" daemon [_thread_blocked, id=12822, stack(0x00007fc8559f2000,0x00007fc855af3000)]
  0x00007fc86807f000 JavaThread "Reference Handler" daemon [_thread_blocked, id=12821, stack(0x00007fc855af3000,0x00007fc855bf4000)]
  0x00007fc86800a000 JavaThread "main" [_thread_blocked, id=12812, stack(0x00007fc8709ae000,0x00007fc870aaf000)]

Other Threads:
=>0x00007fc868077800 VMThread [stack: 0x00007fc855bf4000,0x00007fc855cf5000] [id=12818]
  0x00007fc8680bc000 WatcherThread [stack: 0x00007fc854a2d000,0x00007fc854b2e000] [id=12854]

VM state:at safepoint (normal execution)

VM Mutex/Monitor currently owned by a thread:  ([mutex/lock_event])
[0x00007fc868006840] Threads_lock - owner thread: 0x00007fc868077800
[0x00007fc868006d40] Heap_lock - owner thread: 0x00007fc868187800

Heap:
 PSYoungGen      total 202240K, used 36846K [0x00000000eab00000, 0x00000000fa300000, 0x0000000100000000)
  eden space 165376K, 0% used [0x00000000eab00000,0x00000000eab00000,0x00000000f4c80000)
  from space 36864K, 99% used [0x00000000f5b00000,0x00000000f7efbbb8,0x00000000f7f00000)
  to   space 29696K, 0% used [0x00000000f8600000,0x00000000f8600000,0x00000000fa300000)
 ParOldGen       total 109056K, used 107798K [0x00000000c0000000, 0x00000000c6a80000, 0x00000000eab00000)
  object space 109056K, 98% used [0x00000000c0000000,0x00000000c69459a0,0x00000000c6a80000)
 Metaspace       used 6359K, capacity 7216K, committed 7296K, reserved 1056768K
  class space    used 587K, capacity 616K, committed 640K, reserved 1048576K

Card table byte_map: [0x00007fc86ce76000,0x00007fc86d077000] byte_map_base: 0x00007fc86c876000

Marking Bits: (ParMarkBitMap*) 0x00007fc86fc7cfc0
 Begin Bits: [0x00007fc857000000, 0x00007fc858000000)
 End Bits:   [0x00007fc858000000, 0x00007fc859000000)

Polling page: 0x00007fc870ace000

CodeCache: size=245760Kb used=9437Kb max_used=9457Kb free=236322Kb
 bounds [0x00007fc859000000, 0x00007fc859950000, 0x00007fc868000000]
 total_blobs=2461 nmethods=2194 adapters=182
 compilation: enabled

Compilation events (10 events):
Event: 47.669 Thread 0x00007fc8680b2000 nmethod 2719 0x00007fc859109c50 code [0x00007fc859109dc0, 0x00007fc859109f48]
Event: 47.669 Thread 0x00007fc8680b0000 2721       4       com.android.dx.rop.code.BasicBlockList$RegCountVisitor::visitThrowingCstInsn (6 bytes)
Event: 47.669 Thread 0x00007fc8680b2000 2720       3       com.android.dx.rop.code.PlainCstInsn::accept (8 bytes)
Event: 47.669 Thread 0x00007fc8680b2000 nmethod 2720 0x00007fc8598e2050 code [0x00007fc8598e21c0, 0x00007fc8598e23e8]
Event: 47.669 Thread 0x00007fc8680b2000 2724       3       com.android.dx.rop.cst.CstFieldRef::getType (8 bytes)
Event: 47.670 Thread 0x00007fc8680b2000 nmethod 2724 0x00007fc85910a3d0 code [0x00007fc85910a540, 0x00007fc85910a8e8]
Event: 47.674 Thread 0x00007fc8680b2000 2717       3       com.android.dx.rop.code.RegisterSpecList::getType (12 bytes)
Event: 47.675 Thread 0x00007fc8680b2000 nmethod 2717 0x00007fc85987fa50 code [0x00007fc85987fc00, 0x00007fc859880258]
Event: 47.682 Thread 0x00007fc8680b0000 nmethod 2721 0x00007fc85987f0d0 code [0x00007fc85987f260, 0x00007fc85987f538]
Event: 47.683 Thread 0x00007fc8680b0000 2718 %     4       com.android.dx.cf.code.Ropper::getRopMethod @ 19 (64 bytes)

GC Heap History (10 events):
Event: 13.485 GC heap after
Heap after GC invocations=7 (full 0):
 PSYoungGen      total 72704K, used 10208K [0x00000000eab00000, 0x00000000f4200000, 0x0000000100000000)
  eden space 62464K, 0% used [0x00000000eab00000,0x00000000eab00000,0x00000000ee800000)
  from space 10240K, 99% used [0x00000000ee800000,0x00000000ef1f8010,0x00000000ef200000)
  to   space 14848K, 0% used [0x00000000f3380000,0x00000000f3380000,0x00000000f4200000)
 ParOldGen       total 42496K, used 15995K [0x00000000c0000000, 0x00000000c2980000, 0x00000000eab00000)
  object space 42496K, 37% used [0x00000000c0000000,0x00000000c0f9ee40,0x00000000c2980000)
 Metaspace       used 6007K, capacity 6960K, committed 7040K, reserved 1056768K
  class space    used 587K, capacity 616K, committed 640K, reserved 1048576K
}
Event: 15.088 GC heap before
{Heap before GC invocations=8 (full 0):
 PSYoungGen      total 72704K, used 72672K [0x00000000eab00000, 0x00000000f4200000, 0x0000000100000000)
  eden space 62464K, 100% used [0x00000000eab00000,0x00000000ee800000,0x00000000ee800000)
  from space 10240K, 99% used [0x00000000ee800000,0x00000000ef1f8010,0x00000000ef200000)
  to   space 14848K, 0% used [0x00000000f3380000,0x00000000f3380000,0x00000000f4200000)
 ParOldGen       total 42496K, used 15995K [0x00000000c0000000, 0x00000000c2980000, 0x00000000eab00000)
  object space 42496K, 37% used [0x00000000c0000000,0x00000000c0f9ee40,0x00000000c2980000)
 Metaspace       used 6156K, capacity 7088K, committed 7296K, reserved 1056768K
  class space    used 587K, capacity 616K, committed 640K, reserved 1048576K
Event: 15.382 GC heap after
Heap after GC invocations=8 (full 0):
 PSYoungGen      total 134656K, used 14816K [0x00000000eab00000, 0x00000000f4c00000, 0x0000000100000000)
  eden space 119808K, 0% used [0x00000000eab00000,0x00000000eab00000,0x00000000f2000000)
  from space 14848K, 99% used [0x00000000f3380000,0x00000000f41f8020,0x00000000f4200000)
  to   space 19968K, 0% used [0x00000000f2000000,0x00000000f2000000,0x00000000f3380000)
 ParOldGen       total 42496K, used 20837K [0x00000000c0000000, 0x00000000c2980000, 0x00000000eab00000)
  object space 42496K, 49% used [0x00000000c0000000,0x00000000c14597e8,0x00000000c2980000)
 Metaspace       used 6156K, capacity 7088K, committed 7296K, reserved 1056768K
  class space    used 587K, capacity 616K, committed 640K, reserved 1048576K
}
Event: 23.191 GC heap before
{Heap before GC invocations=9 (full 0):
 PSYoungGen      total 134656K, used 134624K [0x00000000eab00000, 0x00000000f4c00000, 0x0000000100000000)
  eden space 119808K, 100% used [0x00000000eab00000,0x00000000f2000000,0x00000000f2000000)
  from space 14848K, 99% used [0x00000000f3380000,0x00000000f41f8020,0x00000000f4200000)
  to   space 19968K, 0% used [0x00000000f2000000,0x00000000f2000000,0x00000000f3380000)
 ParOldGen       total 42496K, used 20837K [0x00000000c0000000, 0x00000000c2980000, 0x00000000eab00000)
  object space 42496K, 49% used [0x00000000c0000000,0x00000000c14597e8,0x00000000c2980000)
 Metaspace       used 6309K, capacity 7152K, committed 7296K, reserved 1056768K
  class space    used 587K, capacity 616K, committed 640K, reserved 1048576K
Event: 23.815 GC heap after
Heap after GC invocations=9 (full 0):
 PSYoungGen      total 139776K, used 19940K [0x00000000eab00000, 0x00000000fa580000, 0x0000000100000000)
  eden space 119808K, 0% used [0x00000000eab00000,0x00000000eab00000,0x00000000f2000000)
  from space 19968K, 99% used [0x00000000f2000000,0x00000000f3379028,0x00000000f3380000)
  to   space 32256K, 0% used [0x00000000f8600000,0x00000000f8600000,0x00000000fa580000)
 ParOldGen       total 43520K, used 43025K [0x00000000c0000000, 0x00000000c2a80000, 0x00000000eab00000)
  object space 43520K, 98% used [0x00000000c0000000,0x00000000c2a04700,0x00000000c2a80000)
 Metaspace       used 6309K, capacity 7152K, committed 7296K, reserved 1056768K
  class space    used 587K, capacity 616K, committed 640K, reserved 1048576K
}
Event: 23.815 GC heap before
{Heap before GC invocations=10 (full 1):
 PSYoungGen      total 139776K, used 19940K [0x00000000eab00000, 0x00000000fa580000, 0x0000000100000000)
  eden space 119808K, 0% used [0x00000000eab00000,0x00000000eab00000,0x00000000f2000000)
  from space 19968K, 99% used [0x00000000f2000000,0x00000000f3379028,0x00000000f3380000)
  to   space 32256K, 0% used [0x00000000f8600000,0x00000000f8600000,0x00000000fa580000)
 ParOldGen       total 43520K, used 43025K [0x00000000c0000000, 0x00000000c2a80000, 0x00000000eab00000)
  object space 43520K, 98% used [0x00000000c0000000,0x00000000c2a04700,0x00000000c2a80000)
 Metaspace       used 6309K, capacity 7152K, committed 7296K, reserved 1056768K
  class space    used 587K, capacity 616K, committed 640K, reserved 1048576K
Event: 25.992 GC heap after
Heap after GC invocations=10 (full 1):
 PSYoungGen      total 139776K, used 16316K [0x00000000eab00000, 0x00000000fa580000, 0x0000000100000000)
  eden space 119808K, 0% used [0x00000000eab00000,0x00000000eab00000,0x00000000f2000000)
  from space 19968K, 81% used [0x00000000f2000000,0x00000000f2fef158,0x00000000f3380000)
  to   space 32256K, 0% used [0x00000000f8600000,0x00000000f8600000,0x00000000fa580000)
 ParOldGen       total 81408K, used 43272K [0x00000000c0000000, 0x00000000c4f80000, 0x00000000eab00000)
  object space 81408K, 53% used [0x00000000c0000000,0x00000000c2a42038,0x00000000c4f80000)
 Metaspace       used 6309K, capacity 7152K, committed 7296K, reserved 1056768K
  class space    used 587K, capacity 616K, committed 640K, reserved 1048576K
}
Event: 36.687 GC heap before
{Heap before GC invocations=11 (full 1):
 PSYoungGen      total 139776K, used 136124K [0x00000000eab00000, 0x00000000fa580000, 0x0000000100000000)
  eden space 119808K, 100% used [0x00000000eab00000,0x00000000f2000000,0x00000000f2000000)
  from space 19968K, 81% used [0x00000000f2000000,0x00000000f2fef158,0x00000000f3380000)
  to   space 32256K, 0% used [0x00000000f8600000,0x00000000f8600000,0x00000000fa580000)
 ParOldGen       total 81408K, used 43272K [0x00000000c0000000, 0x00000000c4f80000, 0x00000000eab00000)
  object space 81408K, 53% used [0x00000000c0000000,0x00000000c2a42038,0x00000000c4f80000)
 Metaspace       used 6353K, capacity 7216K, committed 7296K, reserved 1056768K
  class space    used 587K, capacity 616K, committed 640K, reserved 1048576K
Event: 40.457 GC heap after
Heap after GC invocations=11 (full 1):
 PSYoungGen      total 195072K, used 29531K [0x00000000eab00000, 0x00000000fa300000, 0x0000000100000000)
  eden space 165376K, 0% used [0x00000000eab00000,0x00000000eab00000,0x00000000f4c80000)
  from space 29696K, 99% used [0x00000000f8600000,0x00000000fa2d6da8,0x00000000fa300000)
  to   space 36864K, 0% used [0x00000000f5b00000,0x00000000f5b00000,0x00000000f7f00000)
 ParOldGen       total 81408K, used 50749K [0x00000000c0000000, 0x00000000c4f80000, 0x00000000eab00000)
  object space 81408K, 62% used [0x00000000c0000000,0x00000000c318f498,0x00000000c4f80000)
 Metaspace       used 6353K, capacity 7216K, committed 7296K, reserved 1056768K
  class space    used 587K, capacity 616K, committed 640K, reserved 1048576K
}
Event: 47.747 GC heap before
{Heap before GC invocations=12 (full 1):
 PSYoungGen      total 195072K, used 194907K [0x00000000eab00000, 0x00000000fa300000, 0x0000000100000000)
  eden space 165376K, 100% used [0x00000000eab00000,0x00000000f4c80000,0x00000000f4c80000)
  from space 29696K, 99% used [0x00000000f8600000,0x00000000fa2d6da8,0x00000000fa300000)
  to   space 36864K, 0% used [0x00000000f5b00000,0x00000000f5b00000,0x00000000f7f00000)
 ParOldGen       total 81408K, used 50749K [0x00000000c0000000, 0x00000000c4f80000, 0x00000000eab00000)
  object space 81408K, 62% used [0x00000000c0000000,0x00000000c318f498,0x00000000c4f80000)
 Metaspace       used 6359K, capacity 7216K, committed 7296K, reserved 1056768K
  class space    used 587K, capacity 616K, committed 640K, reserved 1048576K

Deoptimization events (10 events):
Event: 7.826 Thread 0x00007fc86800a000 Uncommon trap: reason=unstable_if action=reinterpret pc=0x00007fc85932da3c method=com.android.dx.ssa.SsaMethod.updateOneDefinition(Lcom/android/dx/ssa/SsaInsn;Lcom/android/dx/rop/code/RegisterSpec;)V @ 4
Event: 9.925 Thread 0x00007fc868189000 Uncommon trap: reason=unstable_if action=reinterpret pc=0x00007fc8592782e0 method=java.util.HashMap.putVal(ILjava/lang/Object;Ljava/lang/Object;ZZ)Ljava/lang/Object; @ 162
Event: 10.009 Thread 0x00007fc86800a000 Uncommon trap: reason=unstable_if action=reinterpret pc=0x00007fc8593e3868 method=java.util.HashMap.getNode(ILjava/lang/Object;)Ljava/util/HashMap$Node; @ 84
Event: 10.009 Thread 0x00007fc86800a000 Uncommon trap: reason=unstable_if action=reinterpret pc=0x00007fc859209204 method=java.util.HashMap.getNode(ILjava/lang/Object;)Ljava/util/HashMap$Node; @ 84
Event: 14.101 Thread 0x00007fc86800a000 Uncommon trap: reason=unstable_if action=reinterpret pc=0x00007fc8594eff10 method=java.util.HashMap.putVal(ILjava/lang/Object;Ljava/lang/Object;ZZ)Ljava/lang/Object; @ 109
Event: 18.997 Thread 0x00007fc86800a000 Uncommon trap: reason=unstable_if action=reinterpret pc=0x00007fc8595a0778 method=com.android.dx.ssa.SCCP.simulateStmt(Lcom/android/dx/ssa/SsaInsn;)V @ 59
Event: 22.701 Thread 0x00007fc86800a000 Uncommon trap: reason=unstable_if action=reinterpret pc=0x00007fc859654534 method=com.android.dx.cf.code.ByteCatchList.typeNotFound(Lcom/android/dx/cf/code/ByteCatchList$Item;[Lcom/android/dx/cf/code/ByteCatchList$Item;I)Z @ 34
Event: 42.964 Thread 0x00007fc86800a000 Uncommon trap: reason=class_check action=maybe_recompile pc=0x00007fc8597c58f0 method=com.android.dx.cf.code.Ropper.processBlock(Lcom/android/dx/cf/code/ByteBlock;Lcom/android/dx/cf/code/Frame;[I)V @ 777
Event: 44.002 Thread 0x00007fc86800a000 Uncommon trap: reason=unstable_if action=reinterpret pc=0x00007fc85987a2e8 method=com.android.dx.ssa.SsaMethod.blockIndexToRopLabel(I)I @ 1
Event: 44.396 Thread 0x00007fc86800a000 Uncommon trap: reason=unstable_if action=reinterpret pc=0x00007fc85972b114 method=com.android.dx.cf.code.RopperMachine.run(Lcom/android/dx/cf/code/Frame;II)V @ 1148

Internal exceptions (6 events):
Event: 0.307 Thread 0x00007fc86800a000 Exception <a 'java/lang/NoSuchMethodError': Method sun.misc.Unsafe.defineClass(Ljava/lang/String;[BII)Ljava/lang/Class; name or signature does not match> (0x00000000eab07cc0) thrown at [/build/openjdk-8-6lTAoN/openjdk-8-8u91-b14/src/hotspot/src/share/vm/p
Event: 0.307 Thread 0x00007fc86800a000 Exception <a 'java/lang/NoSuchMethodError': Method sun.misc.Unsafe.prefetchRead(Ljava/lang/Object;J)V name or signature does not match> (0x00000000eab07fa8) thrown at [/build/openjdk-8-6lTAoN/openjdk-8-8u91-b14/src/hotspot/src/share/vm/prims/jni.cpp, line
Event: 4.077 Thread 0x00007fc86800a000 Implicit null exception at 0x00007fc859249522 to 0x00007fc859249613
Event: 9.940 Thread 0x00007fc868189000 Exception <a 'java/lang/ArrayIndexOutOfBoundsException': 18> (0x00000000eae0b640) thrown at [/build/openjdk-8-6lTAoN/openjdk-8-8u91-b14/src/hotspot/src/share/vm/interpreter/interpreterRuntime.cpp, line 366]
Event: 9.940 Thread 0x00007fc868189000 Exception <a 'java/lang/ArrayIndexOutOfBoundsException': 145> (0x00000000eae0d1c0) thrown at [/build/openjdk-8-6lTAoN/openjdk-8-8u91-b14/src/hotspot/src/share/vm/interpreter/interpreterRuntime.cpp, line 366]
Event: 9.941 Thread 0x00007fc868189000 Exception <a 'java/lang/ArrayIndexOutOfBoundsException': 40> (0x00000000eae0e4a8) thrown at [/build/openjdk-8-6lTAoN/openjdk-8-8u91-b14/src/hotspot/src/share/vm/interpreter/interpreterRuntime.cpp, line 366]

Events (10 events):
Event: 47.653 Thread 0x00007fc8680ad800 flushing nmethod 0x00007fc859109b10
Event: 47.653 Thread 0x00007fc8680ad800 flushing nmethod 0x00007fc85910a3d0
Event: 47.653 Thread 0x00007fc8680ad800 flushing nmethod 0x00007fc85910a710
Event: 47.653 Thread 0x00007fc8680ad800 flushing nmethod 0x00007fc85912fa90
Event: 47.653 Thread 0x00007fc8680ad800 flushing nmethod 0x00007fc859137950
Event: 47.722 Thread 0x00007fc868189000 DEOPT PACKING pc=0x00007fc8593dea61 sp=0x00007fc8546dc1c0
Event: 47.722 Thread 0x00007fc868189000 DEOPT UNPACKING pc=0x00007fc859046f73 sp=0x00007fc8546dbfc8 mode 0
Event: 47.739 Thread 0x00007fc868182800 DEOPT PACKING pc=0x00007fc8593dea61 sp=0x00007fc8549df0f0
Event: 47.739 Thread 0x00007fc868182800 DEOPT UNPACKING pc=0x00007fc859046f73 sp=0x00007fc8549deef8 mode 0
Event: 47.739 Executing VM operation: ParallelGCFailedAllocation


Dynamic libraries:
00400000-00401000 r-xp 00000000 08:01 4077151                            /usr/lib/jvm/java-8-openjdk-amd64/jre/bin/java
00600000-00601000 r--p 00000000 08:01 4077151                            /usr/lib/jvm/java-8-openjdk-amd64/jre/bin/java
00601000-00602000 rw-p 00001000 08:01 4077151                            /usr/lib/jvm/java-8-openjdk-amd64/jre/bin/java
0134d000-0136e000 rw-p 00000000 00:00 0                                  [heap]
c0000000-c6a80000 rw-p 00000000 00:00 0 
c6a80000-eab00000 ---p 00000000 00:00 0 
eab00000-fa300000 rw-p 00000000 00:00 0 
100000000-1000a0000 rw-p 00000000 00:00 0 
1000a0000-140000000 ---p 00000000 00:00 0 
7fc808000000-7fc808021000 rw-p 00000000 00:00 0 
7fc808021000-7fc80c000000 ---p 00000000 00:00 0 
7fc810000000-7fc810023000 rw-p 00000000 00:00 0 
7fc810023000-7fc814000000 ---p 00000000 00:00 0 
7fc814000000-7fc814021000 rw-p 00000000 00:00 0 
7fc814021000-7fc818000000 ---p 00000000 00:00 0 
7fc818000000-7fc818034000 rw-p 00000000 00:00 0 
7fc818034000-7fc81c000000 ---p 00000000 00:00 0 
7fc81c000000-7fc81c021000 rw-p 00000000 00:00 0 
7fc81c021000-7fc820000000 ---p 00000000 00:00 0 
7fc820000000-7fc820021000 rw-p 00000000 00:00 0 
7fc820021000-7fc824000000 ---p 00000000 00:00 0 
7fc824000000-7fc824021000 rw-p 00000000 00:00 0 
7fc824021000-7fc828000000 ---p 00000000 00:00 0 
7fc828000000-7fc829b49000 rw-p 00000000 00:00 0 
7fc829b49000-7fc82c000000 ---p 00000000 00:00 0 
7fc82c000000-7fc82cb26000 rw-p 00000000 00:00 0 
7fc82cb26000-7fc830000000 ---p 00000000 00:00 0 
7fc830000000-7fc830021000 rw-p 00000000 00:00 0 
7fc830021000-7fc834000000 ---p 00000000 00:00 0 
7fc834000000-7fc835b5b000 rw-p 00000000 00:00 0 
7fc835b5b000-7fc838000000 ---p 00000000 00:00 0 
7fc838000000-7fc838021000 rw-p 00000000 00:00 0 
7fc838021000-7fc83c000000 ---p 00000000 00:00 0 
7fc83c000000-7fc83c021000 rw-p 00000000 00:00 0 
7fc83c021000-7fc840000000 ---p 00000000 00:00 0 
7fc840000000-7fc840021000 rw-p 00000000 00:00 0 
7fc840021000-7fc844000000 ---p 00000000 00:00 0 
7fc844000000-7fc844021000 rw-p 00000000 00:00 0 
7fc844021000-7fc848000000 ---p 00000000 00:00 0 
7fc848000000-7fc848021000 rw-p 00000000 00:00 0 
7fc848021000-7fc84c000000 ---p 00000000 00:00 0 
7fc84c000000-7fc84c021000 rw-p 00000000 00:00 0 
7fc84c021000-7fc850000000 ---p 00000000 00:00 0 
7fc850000000-7fc850021000 rw-p 00000000 00:00 0 
7fc850021000-7fc854000000 ---p 00000000 00:00 0 
7fc8544dc000-7fc8544df000 ---p 00000000 00:00 0 
7fc8544df000-7fc8545dd000 rw-p 00000000 00:00 0 
7fc8545dd000-7fc8545e0000 ---p 00000000 00:00 0 
7fc8545e0000-7fc8546de000 rw-p 00000000 00:00 0 
7fc8546de000-7fc8546e1000 ---p 00000000 00:00 0 
7fc8546e1000-7fc8547df000 rw-p 00000000 00:00 0 
7fc8547df000-7fc8547e2000 ---p 00000000 00:00 0 
7fc8547e2000-7fc8548e0000 rw-p 00000000 00:00 0 
7fc8548e0000-7fc8548e3000 ---p 00000000 00:00 0 
7fc8548e3000-7fc8549e1000 rw-p 00000000 00:00 0 
7fc8549e1000-7fc8549f9000 r--s 000f5000 08:01 2622503                    /home/aaron/AndroidStudioProjects/MyApplication2/app/build/intermediates/exploded-aar/com.google.android.gms/play-services-ads/8.4.0/jars/classes.jar
7fc8549f9000-7fc854a08000 r--s 000df000 08:01 3410132                    /home/aaron/Android/sdk/build-tools/23.0.3/lib/dx.jar
7fc854a08000-7fc854a12000 r--s 00116000 08:01 4069053                    /usr/lib/jvm/java-8-openjdk-amd64/jre/lib/ext/localedata.jar
7fc854a12000-7fc854a2d000 r--s 001d7000 08:01 4069055                    /usr/lib/jvm/java-8-openjdk-amd64/jre/lib/ext/nashorn.jar
7fc854a2d000-7fc854a2e000 ---p 00000000 00:00 0 
7fc854a2e000-7fc854b2e000 rw-p 00000000 00:00 0 
7fc854b2e000-7fc854b31000 ---p 00000000 00:00 0 
7fc854b31000-7fc854c2f000 rw-p 00000000 00:00 0 
7fc854c2f000-7fc854c32000 ---p 00000000 00:00 0 
7fc854c32000-7fc854d30000 rw-p 00000000 00:00 0 
7fc854d30000-7fc854d33000 ---p 00000000 00:00 0 
7fc854d33000-7fc854e31000 rw-p 00000000 00:00 0 
7fc854e31000-7fc854e34000 ---p 00000000 00:00 0 
7fc854e34000-7fc854f32000 rw-p 00000000 00:00 0 
7fc854f32000-7fc854f35000 ---p 00000000 00:00 0 
7fc854f35000-7fc855033000 rw-p 00000000 00:00 0 
7fc855033000-7fc8559f2000 r--p 00000000 08:01 3939485                    /usr/lib/locale/locale-archive
7fc8559f2000-7fc8559f5000 ---p 00000000 00:00 0 
7fc8559f5000-7fc855af3000 rw-p 00000000 00:00 0 
7fc855af3000-7fc855af6000 ---p 00000000 00:00 0 
7fc855af6000-7fc855bf4000 rw-p 00000000 00:00 0 
7fc855bf4000-7fc855bf5000 ---p 00000000 00:00 0 
7fc855bf5000-7fc856e80000 rw-p 00000000 00:00 0 
7fc856e80000-7fc857000000 ---p 00000000 00:00 0 
7fc857000000-7fc859000000 rw-p 00000000 00:00 0 
7fc859000000-7fc859950000 rwxp 00000000 00:00 0 
7fc859950000-7fc868000000 ---p 00000000 00:00 0 
7fc868000000-7fc8681e1000 rw-p 00000000 00:00 0 
7fc8681e1000-7fc86c000000 ---p 00000000 00:00 0 
7fc86c009000-7fc86c025000 r--s 00393000 08:01 4069051                    /usr/lib/jvm/java-8-openjdk-amd64/jre/lib/ext/cldrdata.jar
7fc86c025000-7fc86c4d9000 rw-p 00000000 00:00 0 
7fc86c4d9000-7fc86c6a6000 r--s 03be7000 08:01 4069046                    /usr/lib/jvm/java-8-openjdk-amd64/jre/lib/rt.jar
7fc86c6a6000-7fc86c91c000 rw-p 00000000 00:00 0 
7fc86c91c000-7fc86c91d000 ---p 00000000 00:00 0 
7fc86c91d000-7fc86ca1d000 rw-p 00000000 00:00 0 
7fc86ca1d000-7fc86ca1e000 ---p 00000000 00:00 0 
7fc86ca1e000-7fc86cb1e000 rw-p 00000000 00:00 0 
7fc86cb1e000-7fc86cb1f000 ---p 00000000 00:00 0 
7fc86cb1f000-7fc86cc1f000 rw-p 00000000 00:00 0 
7fc86cc1f000-7fc86cc20000 ---p 00000000 00:00 0 
7fc86cc20000-7fc86cd56000 rw-p 00000000 00:00 0 
7fc86cd56000-7fc86ce76000 ---p 00000000 00:00 0 
7fc86ce76000-7fc86ceac000 rw-p 00000000 00:00 0 
7fc86ceac000-7fc86cfcb000 ---p 00000000 00:00 0 
7fc86cfcb000-7fc86d048000 rw-p 00000000 00:00 0 
7fc86d048000-7fc86d076000 ---p 00000000 00:00 0 
7fc86d076000-7fc86d09d000 rw-p 00000000 00:00 0 
7fc86d09d000-7fc86d437000 ---p 00000000 00:00 0 
7fc86d437000-7fc86d43f000 r-xp 00000000 08:01 4069025                    /usr/lib/jvm/java-8-openjdk-amd64/jre/lib/amd64/libzip.so
7fc86d43f000-7fc86d63e000 ---p 00008000 08:01 4069025                    /usr/lib/jvm/java-8-openjdk-amd64/jre/lib/amd64/libzip.so
7fc86d63e000-7fc86d63f000 r--p 00007000 08:01 4069025                    /usr/lib/jvm/java-8-openjdk-amd64/jre/lib/amd64/libzip.so
7fc86d63f000-7fc86d640000 rw-p 00008000 08:01 4069025                    /usr/lib/jvm/java-8-openjdk-amd64/jre/lib/amd64/libzip.so
7fc86d640000-7fc86d64b000 r-xp 00000000 08:01 1839682                    /lib/x86_64-linux-gnu/libnss_files-2.23.so
7fc86d64b000-7fc86d84a000 ---p 0000b000 08:01 1839682                    /lib/x86_64-linux-gnu/libnss_files-2.23.so
7fc86d84a000-7fc86d84b000 r--p 0000a000 08:01 1839682                    /lib/x86_64-linux-gnu/libnss_files-2.23.so
7fc86d84b000-7fc86d84c000 rw-p 0000b000 08:01 1839682                    /lib/x86_64-linux-gnu/libnss_files-2.23.so
7fc86d84c000-7fc86d852000 rw-p 00000000 00:00 0 
7fc86d852000-7fc86d85d000 r-xp 00000000 08:01 1839692                    /lib/x86_64-linux-gnu/libnss_nis-2.23.so
7fc86d85d000-7fc86da5c000 ---p 0000b000 08:01 1839692                    /lib/x86_64-linux-gnu/libnss_nis-2.23.so
7fc86da5c000-7fc86da5d000 r--p 0000a000 08:01 1839692                    /lib/x86_64-linux-gnu/libnss_nis-2.23.so
7fc86da5d000-7fc86da5e000 rw-p 0000b000 08:01 1839692                    /lib/x86_64-linux-gnu/libnss_nis-2.23.so
7fc86da5e000-7fc86da74000 r-xp 00000000 08:01 1839676                    /lib/x86_64-linux-gnu/libnsl-2.23.so
7fc86da74000-7fc86dc73000 ---p 00016000 08:01 1839676                    /lib/x86_64-linux-gnu/libnsl-2.23.so
7fc86dc73000-7fc86dc74000 r--p 00015000 08:01 1839676                    /lib/x86_64-linux-gnu/libnsl-2.23.so
7fc86dc74000-7fc86dc75000 rw-p 00016000 08:01 1839676                    /lib/x86_64-linux-gnu/libnsl-2.23.so
7fc86dc75000-7fc86dc77000 rw-p 00000000 00:00 0 
7fc86dc77000-7fc86dc7f000 r-xp 00000000 08:01 1839678                    /lib/x86_64-linux-gnu/libnss_compat-2.23.so
7fc86dc7f000-7fc86de7e000 ---p 00008000 08:01 1839678                    /lib/x86_64-linux-gnu/libnss_compat-2.23.so
7fc86de7e000-7fc86de7f000 r--p 00007000 08:01 1839678                    /lib/x86_64-linux-gnu/libnss_compat-2.23.so
7fc86de7f000-7fc86de80000 rw-p 00008000 08:01 1839678                    /lib/x86_64-linux-gnu/libnss_compat-2.23.so
7fc86de80000-7fc86dead000 r-xp 00000000 08:01 4069007                    /usr/lib/jvm/java-8-openjdk-amd64/jre/lib/amd64/libjava.so
7fc86dead000-7fc86e0ac000 ---p 0002d000 08:01 4069007                    /usr/lib/jvm/java-8-openjdk-amd64/jre/lib/amd64/libjava.so
7fc86e0ac000-7fc86e0ad000 r--p 0002c000 08:01 4069007                    /usr/lib/jvm/java-8-openjdk-amd64/jre/lib/amd64/libjava.so
7fc86e0ad000-7fc86e0af000 rw-p 0002d000 08:01 4069007                    /usr/lib/jvm/java-8-openjdk-amd64/jre/lib/amd64/libjava.so
7fc86e0af000-7fc86e0be000 r-xp 00000000 08:01 4068998                    /usr/lib/jvm/java-8-openjdk-amd64/jre/lib/amd64/libverify.so
7fc86e0be000-7fc86e2bd000 ---p 0000f000 08:01 4068998                    /usr/lib/jvm/java-8-openjdk-amd64/jre/lib/amd64/libverify.so
7fc86e2bd000-7fc86e2bf000 r--p 0000e000 08:01 4068998                    /usr/lib/jvm/java-8-openjdk-amd64/jre/lib/amd64/libverify.so
7fc86e2bf000-7fc86e2c0000 rw-p 00010000 08:01 4068998                    /usr/lib/jvm/java-8-openjdk-amd64/jre/lib/amd64/libverify.so
7fc86e2c0000-7fc86e2c7000 r-xp 00000000 08:01 1839737                    /lib/x86_64-linux-gnu/librt-2.23.so
7fc86e2c7000-7fc86e4c6000 ---p 00007000 08:01 1839737                    /lib/x86_64-linux-gnu/librt-2.23.so
7fc86e4c6000-7fc86e4c7000 r--p 00006000 08:01 1839737                    /lib/x86_64-linux-gnu/librt-2.23.so
7fc86e4c7000-7fc86e4c8000 rw-p 00007000 08:01 1839737                    /lib/x86_64-linux-gnu/librt-2.23.so
7fc86e4c8000-7fc86e4de000 r-xp 00000000 08:01 1839621                    /lib/x86_64-linux-gnu/libgcc_s.so.1
7fc86e4de000-7fc86e6dd000 ---p 00016000 08:01 1839621                    /lib/x86_64-linux-gnu/libgcc_s.so.1
7fc86e6dd000-7fc86e6de000 rw-p 00015000 08:01 1839621                    /lib/x86_64-linux-gnu/libgcc_s.so.1
7fc86e6de000-7fc86e7e6000 r-xp 00000000 08:01 1839653                    /lib/x86_64-linux-gnu/libm-2.23.so
7fc86e7e6000-7fc86e9e5000 ---p 00108000 08:01 1839653                    /lib/x86_64-linux-gnu/libm-2.23.so
7fc86e9e5000-7fc86e9e6000 r--p 00107000 08:01 1839653                    /lib/x86_64-linux-gnu/libm-2.23.so
7fc86e9e6000-7fc86e9e7000 rw-p 00108000 08:01 1839653                    /lib/x86_64-linux-gnu/libm-2.23.so
7fc86e9e7000-7fc86eb59000 r-xp 00000000 08:01 3941641                    /usr/lib/x86_64-linux-gnu/libstdc++.so.6.0.21
7fc86eb59000-7fc86ed59000 ---p 00172000 08:01 3941641                    /usr/lib/x86_64-linux-gnu/libstdc++.so.6.0.21
7fc86ed59000-7fc86ed63000 r--p 00172000 08:01 3941641                    /usr/lib/x86_64-linux-gnu/libstdc++.so.6.0.21
7fc86ed63000-7fc86ed65000 rw-p 0017c000 08:01 3941641                    /usr/lib/x86_64-linux-gnu/libstdc++.so.6.0.21
7fc86ed65000-7fc86ed69000 rw-p 00000000 00:00 0 
7fc86ed69000-7fc86f9af000 r-xp 00000000 08:01 4069023                    /usr/lib/jvm/java-8-openjdk-amd64/jre/lib/amd64/server/libjvm.so
7fc86f9af000-7fc86fbae000 ---p 00c46000 08:01 4069023                    /usr/lib/jvm/java-8-openjdk-amd64/jre/lib/amd64/server/libjvm.so
7fc86fbae000-7fc86fc41000 r--p 00c45000 08:01 4069023                    /usr/lib/jvm/java-8-openjdk-amd64/jre/lib/amd64/server/libjvm.so
7fc86fc41000-7fc86fc69000 rw-p 00cd8000 08:01 4069023                    /usr/lib/jvm/java-8-openjdk-amd64/jre/lib/amd64/server/libjvm.so
7fc86fc69000-7fc86fc99000 rw-p 00000000 00:00 0 
7fc86fc99000-7fc86fcb1000 r-xp 00000000 08:01 1839729                    /lib/x86_64-linux-gnu/libpthread-2.23.so
7fc86fcb1000-7fc86feb0000 ---p 00018000 08:01 1839729                    /lib/x86_64-linux-gnu/libpthread-2.23.so
7fc86feb0000-7fc86feb1000 r--p 00017000 08:01 1839729                    /lib/x86_64-linux-gnu/libpthread-2.23.so
7fc86feb1000-7fc86feb2000 rw-p 00018000 08:01 1839729                    /lib/x86_64-linux-gnu/libpthread-2.23.so
7fc86feb2000-7fc86feb6000 rw-p 00000000 00:00 0 
7fc86feb6000-7fc86feb9000 r-xp 00000000 08:01 1839607                    /lib/x86_64-linux-gnu/libdl-2.23.so
7fc86feb9000-7fc8700b8000 ---p 00003000 08:01 1839607                    /lib/x86_64-linux-gnu/libdl-2.23.so
7fc8700b8000-7fc8700b9000 r--p 00002000 08:01 1839607                    /lib/x86_64-linux-gnu/libdl-2.23.so
7fc8700b9000-7fc8700ba000 rw-p 00003000 08:01 1839607                    /lib/x86_64-linux-gnu/libdl-2.23.so
7fc8700ba000-7fc8700d3000 r-xp 00000000 08:01 1839774                    /lib/x86_64-linux-gnu/libz.so.1.2.8
7fc8700d3000-7fc8702d2000 ---p 00019000 08:01 1839774                    /lib/x86_64-linux-gnu/libz.so.1.2.8
7fc8702d2000-7fc8702d3000 r--p 00018000 08:01 1839774                    /lib/x86_64-linux-gnu/libz.so.1.2.8
7fc8702d3000-7fc8702d4000 rw-p 00019000 08:01 1839774                    /lib/x86_64-linux-gnu/libz.so.1.2.8
7fc8702d4000-7fc870494000 r-xp 00000000 08:01 1839583                    /lib/x86_64-linux-gnu/libc-2.23.so
7fc870494000-7fc870693000 ---p 001c0000 08:01 1839583                    /lib/x86_64-linux-gnu/libc-2.23.so
7fc870693000-7fc870697000 r--p 001bf000 08:01 1839583                    /lib/x86_64-linux-gnu/libc-2.23.so
7fc870697000-7fc870699000 rw-p 001c3000 08:01 1839583                    /lib/x86_64-linux-gnu/libc-2.23.so
7fc870699000-7fc87069d000 rw-p 00000000 00:00 0 
7fc87069d000-7fc8706aa000 r-xp 00000000 08:01 4068993                    /usr/lib/jvm/java-8-openjdk-amd64/jre/lib/amd64/jli/libjli.so
7fc8706aa000-7fc8708aa000 ---p 0000d000 08:01 4068993                    /usr/lib/jvm/java-8-openjdk-amd64/jre/lib/amd64/jli/libjli.so
7fc8708aa000-7fc8708ab000 r--p 0000d000 08:01 4068993                    /usr/lib/jvm/java-8-openjdk-amd64/jre/lib/amd64/jli/libjli.so
7fc8708ab000-7fc8708ac000 rw-p 0000e000 08:01 4068993                    /usr/lib/jvm/java-8-openjdk-amd64/jre/lib/amd64/jli/libjli.so
7fc8708ac000-7fc8708d2000 r-xp 00000000 08:01 1839555                    /lib/x86_64-linux-gnu/ld-2.23.so
7fc8708d4000-7fc8708d5000 r--s 00010000 08:01 4069048                    /usr/lib/jvm/java-8-openjdk-amd64/jre/lib/ext/zipfs.jar
7fc8708d5000-7fc8709ae000 rw-p 00000000 00:00 0 
7fc8709ae000-7fc8709b1000 ---p 00000000 00:00 0 
7fc8709b1000-7fc870ab4000 rw-p 00000000 00:00 0 
7fc870ab4000-7fc870ab8000 r--s 00037000 08:01 4069056                    /usr/lib/jvm/java-8-openjdk-amd64/jre/lib/ext/sunpkcs11.jar
7fc870ab8000-7fc870abb000 r--s 0000f000 08:01 4069047                    /usr/lib/jvm/java-8-openjdk-amd64/jre/lib/ext/icedtea-sound.jar
7fc870abb000-7fc870abd000 r--s 00001000 08:01 4069054                    /usr/lib/jvm/java-8-openjdk-amd64/jre/lib/ext/dnsns.jar
7fc870abd000-7fc870abe000 r--s 00008000 08:01 4069052                    /usr/lib/jvm/java-8-openjdk-amd64/jre/lib/ext/sunec.jar
7fc870abe000-7fc870ac4000 r--s 0003a000 08:01 4069050                    /usr/lib/jvm/java-8-openjdk-amd64/jre/lib/ext/sunjce_provider.jar
7fc870ac4000-7fc870ac5000 r--s 0000a000 08:01 4069049                    /usr/lib/jvm/java-8-openjdk-amd64/jre/lib/ext/jaccess.jar
7fc870ac5000-7fc870acd000 rw-s 00000000 08:01 1968921                    /tmp/hsperfdata_aaron/12808
7fc870acd000-7fc870ace000 rw-p 00000000 00:00 0 
7fc870ace000-7fc870acf000 ---p 00000000 00:00 0 
7fc870acf000-7fc870ad1000 rw-p 00000000 00:00 0 
7fc870ad1000-7fc870ad2000 r--p 00025000 08:01 1839555                    /lib/x86_64-linux-gnu/ld-2.23.so
7fc870ad2000-7fc870ad3000 rw-p 00026000 08:01 1839555                    /lib/x86_64-linux-gnu/ld-2.23.so
7fc870ad3000-7fc870ad4000 rw-p 00000000 00:00 0 
7ffdd555c000-7ffdd557d000 rw-p 00000000 00:00 0                          [stack]
7ffdd5595000-7ffdd5597000 r--p 00000000 00:00 0                          [vvar]
7ffdd5597000-7ffdd5599000 r-xp 00000000 00:00 0                          [vdso]
ffffffffff600000-ffffffffff601000 r-xp 00000000 00:00 0                  [vsyscall]

VM Arguments:
jvm_args: -Djava.awt.headless=true -Xmx1024M -Dfile.encoding=UTF-8 -Duser.country=US -Duser.language=en -Duser.variant 
java_command: com.android.dx.command.Main --dex --force-jumbo --num-threads=4 --multi-dex --output /home/aaron/AndroidStudioProjects/MyApplication2/app/build/intermediates/transforms/dex/debug/folders/1000/10/com.google.android.gms-play-services-ads-8.4.0_4fa109679843df65c8545a3bf87363f9a6c05d28 /home/aaron/AndroidStudioProjects/MyApplication2/app/build/intermediates/exploded-aar/com.google.android.gms/play-services-ads/8.4.0/jars/classes.jar
java_class_path (initial): /home/aaron/Android/sdk/build-tools/23.0.3/lib/dx.jar
Launcher Type: SUN_STANDARD

Environment Variables:
PATH=/usr/local/sbin:/usr/local/bin:/usr/sbin:/usr/bin:/sbin:/bin:/usr/games:/usr/local/games:/snap/bin
LD_LIBRARY_PATH=/opt/android-studio/bin:
SHELL=/bin/bash
DISPLAY=:0

Signal Handlers:
SIGSEGV: [libjvm.so+0xa5e090], sa_mask[0]=11111111011111111101111111111110, sa_flags=SA_RESTART|SA_SIGINFO
SIGBUS: [libjvm.so+0xa5e090], sa_mask[0]=11111111011111111101111111111110, sa_flags=SA_RESTART|SA_SIGINFO
SIGFPE: [libjvm.so+0x8a9800], sa_mask[0]=11111111011111111101111111111110, sa_flags=SA_RESTART|SA_SIGINFO
SIGPIPE: [libjvm.so+0x8a9800], sa_mask[0]=11111111011111111101111111111110, sa_flags=SA_RESTART|SA_SIGINFO
SIGXFSZ: [libjvm.so+0x8a9800], sa_mask[0]=11111111011111111101111111111110, sa_flags=SA_RESTART|SA_SIGINFO
SIGILL: [libjvm.so+0x8a9800], sa_mask[0]=11111111011111111101111111111110, sa_flags=SA_RESTART|SA_SIGINFO
SIGUSR1: SIG_DFL, sa_mask[0]=00000000000000000000000000000000, sa_flags=none
SIGUSR2: [libjvm.so+0x8a96b0], sa_mask[0]=00100000000000000000000000000000, sa_flags=SA_RESTART|SA_SIGINFO
SIGHUP: [libjvm.so+0x8a9b80], sa_mask[0]=11111111011111111101111111111110, sa_flags=SA_RESTART|SA_SIGINFO
SIGINT: [libjvm.so+0x8a9b80], sa_mask[0]=11111111011111111101111111111110, sa_flags=SA_RESTART|SA_SIGINFO
SIGTERM: [libjvm.so+0x8a9b80], sa_mask[0]=11111111011111111101111111111110, sa_flags=SA_RESTART|SA_SIGINFO
SIGQUIT: [libjvm.so+0x8a9b80], sa_mask[0]=11111111011111111101111111111110, sa_flags=SA_RESTART|SA_SIGINFO


---------------  S Y S T E M  ---------------

OS:DISTRIB_ID=Ubuntu
DISTRIB_RELEASE=16.04
DISTRIB_CODENAME=xenial
DISTRIB_DESCRIPTION="Ubuntu 16.04 LTS"

uname:Linux 4.4.0-22-generic #40-Ubuntu SMP Thu May 12 22:03:46 UTC 2016 x86_64
libc:glibc 2.23 NPTL 2.23 
rlimit: STACK 8192k, CORE 0k, NPROC 15358, NOFILE 65536, AS infinity
load average:29.66 12.06 6.63

/proc/meminfo:
MemTotal:        3970580 kB
MemFree:           30156 kB
MemAvailable:      77908 kB
Buffers:            1764 kB
Cached:            41372 kB
SwapCached:          748 kB
Active:          2932836 kB
Inactive:         793184 kB
Active(anon):    2914012 kB
Inactive(anon):   774632 kB
Active(file):      18824 kB
Inactive(file):    18552 kB
Unevictable:          48 kB
Mlocked:              48 kB
SwapTotal:       4117500 kB
SwapFree:             48 kB
Dirty:               376 kB
Writeback:             0 kB
AnonPages:       3682720 kB
Mapped:            31604 kB
Shmem:              5444 kB
Slab:              83676 kB
SReclaimable:      39812 kB
SUnreclaim:        43864 kB
KernelStack:       15824 kB
PageTables:        60084 kB
NFS_Unstable:          0 kB
Bounce:                0 kB
WritebackTmp:          0 kB
CommitLimit:     6102788 kB
Committed_AS:   12845680 kB
VmallocTotal:   34359738367 kB
VmallocUsed:           0 kB
VmallocChunk:          0 kB
HardwareCorrupted:     0 kB
AnonHugePages:    438272 kB
CmaTotal:              0 kB
CmaFree:               0 kB
HugePages_Total:       0
HugePages_Free:        0
HugePages_Rsvd:        0
HugePages_Surp:        0
Hugepagesize:       2048 kB
DirectMap4k:      145788 kB
DirectMap2M:     3973120 kB


CPU:total 4 (2 cores per cpu, 2 threads per core) family 6 model 37 stepping 5, cmov, cx8, fxsr, mmx, sse, sse2, sse3, ssse3, sse4.1, sse4.2, popcnt, aes, clmul, ht, tsc, tscinvbit

/proc/cpuinfo:
processor	: 0
vendor_id	: GenuineIntel
cpu family	: 6
model		: 37
model name	: Intel(R) Core(TM) i5 CPU       M 560  @ 2.67GHz
stepping	: 5
microcode	: 0x2
cpu MHz		: 2667.000
cache size	: 3072 KB
physical id	: 0
siblings	: 4
core id		: 0
cpu cores	: 2
apicid		: 0
initial apicid	: 0
fpu		: yes
fpu_exception	: yes
cpuid level	: 11
wp		: yes
flags		: fpu vme de pse tsc msr pae mce cx8 apic sep mtrr pge mca cmov pat pse36 clflush dts acpi mmx fxsr sse sse2 ss ht tm pbe syscall nx rdtscp lm constant_tsc arch_perfmon pebs bts rep_good nopl xtopology nonstop_tsc aperfmperf pni pclmulqdq dtes64 monitor ds_cpl vmx smx est tm2 ssse3 cx16 xtpr pdcm pcid sse4_1 sse4_2 popcnt aes lahf_lm tpr_shadow vnmi flexpriority ept vpid dtherm ida arat
bugs		:
bogomips	: 5320.06
clflush size	: 64
cache_alignment	: 64
address sizes	: 36 bits physical, 48 bits virtual
power management:

processor	: 1
vendor_id	: GenuineIntel
cpu family	: 6
model		: 37
model name	: Intel(R) Core(TM) i5 CPU       M 560  @ 2.67GHz
stepping	: 5
microcode	: 0x2
cpu MHz		: 2667.000
cache size	: 3072 KB
physical id	: 0
siblings	: 4
core id		: 2
cpu cores	: 2
apicid		: 4
initial apicid	: 4
fpu		: yes
fpu_exception	: yes
cpuid level	: 11
wp		: yes
flags		: fpu vme de pse tsc msr pae mce cx8 apic sep mtrr pge mca cmov pat pse36 clflush dts acpi mmx fxsr sse sse2 ss ht tm pbe syscall nx rdtscp lm constant_tsc arch_perfmon pebs bts rep_good nopl xtopology nonstop_tsc aperfmperf pni pclmulqdq dtes64 monitor ds_cpl vmx smx est tm2 ssse3 cx16 xtpr pdcm pcid sse4_1 sse4_2 popcnt aes lahf_lm tpr_shadow vnmi flexpriority ept vpid dtherm ida arat
bugs		:
bogomips	: 5320.06
clflush size	: 64
cache_alignment	: 64
address sizes	: 36 bits physical, 48 bits virtual
power management:

processor	: 2
vendor_id	: GenuineIntel
cpu family	: 6
model		: 37
model name	: Intel(R) Core(TM) i5 CPU       M 560  @ 2.67GHz
stepping	: 5
microcode	: 0x2
cpu MHz		: 2667.000
cache size	: 3072 KB
physical id	: 0
siblings	: 4
core id		: 0
cpu cores	: 2
apicid		: 1
initial apicid	: 1
fpu		: yes
fpu_exception	: yes
cpuid level	: 11
wp		: yes
flags		: fpu vme de pse tsc msr pae mce cx8 apic sep mtrr pge mca cmov pat pse36 clflush dts acpi mmx fxsr sse sse2 ss ht tm pbe syscall nx rdtscp lm constant_tsc arch_perfmon pebs bts rep_good nopl xtopology nonstop_tsc aperfmperf pni pclmulqdq dtes64 monitor ds_cpl vmx smx est tm2 ssse3 cx16 xtpr pdcm pcid sse4_1 sse4_2 popcnt aes lahf_lm tpr_shadow vnmi flexpriority ept vpid dtherm ida arat
bugs		:
bogomips	: 5320.06
clflush size	: 64
cache_alignment	: 64
address sizes	: 36 bits physical, 48 bits virtual
power management:

processor	: 3
vendor_id	: GenuineIntel
cpu family	: 6
model		: 37
model name	: Intel(R) Core(TM) i5 CPU       M 560  @ 2.67GHz
stepping	: 5
microcode	: 0x2
cpu MHz		: 2667.000
cache size	: 3072 KB
physical id	: 0
siblings	: 4
core id		: 2
cpu cores	: 2
apicid		: 5
initial apicid	: 5
fpu		: yes
fpu_exception	: yes
cpuid level	: 11
wp		: yes
flags		: fpu vme de pse tsc msr pae mce cx8 apic sep mtrr pge mca cmov pat pse36 clflush dts acpi mmx fxsr sse sse2 ss ht tm pbe syscall nx rdtscp lm constant_tsc arch_perfmon pebs bts rep_good nopl xtopology nonstop_tsc aperfmperf pni pclmulqdq dtes64 monitor ds_cpl vmx smx est tm2 ssse3 cx16 xtpr pdcm pcid sse4_1 sse4_2 popcnt aes lahf_lm tpr_shadow vnmi flexpriority ept vpid dtherm ida arat
bugs		:
bogomips	: 5320.06
clflush size	: 64
cache_alignment	: 64
address sizes	: 36 bits physical, 48 bits virtual
power management:



Memory: 4k page, physical 3970580k(30156k free), swap 4117500k(64k free)

vm_info: OpenJDK 64-Bit Server VM (25.91-b14) for linux-amd64 JRE (1.8.0_91-8u91-b14-0ubuntu4~16.04.1-b14), built on Apr 23 2016 07:03:54 by "buildd" with gcc 5.3.1 20160413

time: Wed May 25 09:27:04 2016
elapsed time: 57 seconds (0d 0h 0m 57s)

